------------------------------
Completed
------------------------------
model_hparams: {'global_maxpool': False, 'cnns_per_maxpool': 3, 'dense_units': 256, 'dense_layers': 1, 'regularization': False, 'maxpool_layers': 4}
train_hparams: {'optimizer': 'Adadelta', 'learning_rate': 1.0, 'scheduler': 'plateau10'}
------------------------------
settings[hparam_defaults]: {'optimizer': 'RMSprop', 'scheduler': 'constant', 'learning_rate': 0.001, 'min_lr': 0.001, 'split': 0.2, 'batch_size': 128, 'fraction': 1.0, 'epochs': 99, 'patience': 10, 'loops': 1, 'timeout': '24h'}
settings[verbose]: {'tensorboard': True, 'fit': 1}
settings[dir]: {'data': './input/bengaliai-cv19', 'features': './input_features/bengaliai-cv19/', 'models': './data_output/models', 'submissions': './data_output/submissions', 'logs': './logs'}
------------------------------
{
    "loss": "0.600281476419057",
    "grapheme_root_loss": "0.15437773",
    "vowel_diacritic_loss": "0.057433553",
    "consonant_diacritic_loss": "0.06294692",
    "grapheme_loss": "0.3255255",
    "grapheme_root_accuracy": "0.95776117",
    "vowel_diacritic_accuracy": "0.984786",
    "consonant_diacritic_accuracy": "0.983665",
    "grapheme_accuracy": "0.94921327",
    "val_loss": "0.6473699508576977",
    "val_grapheme_root_loss": "0.2039119",
    "val_vowel_diacritic_loss": "0.071287505",
    "val_consonant_diacritic_loss": "0.067410566",
    "val_grapheme_loss": "0.3047599",
    "val_grapheme_root_accuracy": "0.94999397",
    "val_vowel_diacritic_accuracy": "0.984786",
    "val_consonant_diacritic_accuracy": "0.982584",
    "val_grapheme_accuracy": "0.93698204",
    "lr": "1.0000001e-05",
    "time": "7732",
    "epochs": "54"
}
------------------------------
------------------------------
script started: 2020-03-28 15:14:42
script ended:   2020-03-29 03:40:11
script runtime: 11 hourss
------------------------------