------------------------------
Completed
------------------------------
model_hparams: {'dense_layers': 1, 'global_maxpool': True, 'dense_units': 256, 'cnns_per_maxpool': 4, 'maxpool_layers': 5, 'regularization': False}
train_hparams: {'optimizer': 'Adadelta', 'learning_rate': 1.0, 'scheduler': 'plateau10'}
------------------------------
settings[hparam_defaults]: {'optimizer': 'RMSprop', 'scheduler': 'constant', 'learning_rate': 0.001, 'min_lr': 0.001, 'split': 0.2, 'batch_size': 128, 'fraction': 1.0, 'epochs': 99, 'patience': 10, 'loops': 1, 'timeout': '24h'}
settings[verbose]: {'tensorboard': True, 'fit': 1}
settings[dir]: {'data': './input/bengaliai-cv19', 'features': './input_features/bengaliai-cv19/', 'models': './data_output/models', 'submissions': './data_output/submissions', 'logs': './logs'}
------------------------------
{
    "loss": "0.38193728611796157",
    "grapheme_root_loss": "0.10673526",
    "vowel_diacritic_loss": "0.041146066",
    "consonant_diacritic_loss": "0.03934602",
    "grapheme_loss": "0.19741228",
    "grapheme_root_accuracy": "0.9735557",
    "vowel_diacritic_accuracy": "0.99155223",
    "consonant_diacritic_accuracy": "0.99107176",
    "grapheme_accuracy": "0.9667094",
    "val_loss": "0.659272797937904",
    "val_grapheme_root_loss": "0.19928253",
    "val_vowel_diacritic_loss": "0.060541276",
    "val_consonant_diacritic_loss": "0.06199971",
    "val_grapheme_loss": "0.33744928",
    "val_grapheme_root_accuracy": "0.9539977",
    "val_vowel_diacritic_accuracy": "0.9878288",
    "val_consonant_diacritic_accuracy": "0.98558676",
    "val_grapheme_accuracy": "0.9431477",
    "lr": "0.000100000005",
    "time": "13103",
    "epochs": "74"
}
------------------------------
------------------------------
script started: 2020-03-25 05:51:30
script ended:   2020-03-26 03:32:33
script runtime: 21 hourss
------------------------------