------------------------------
Completed
------------------------------
model_hparams: {'dense_layers': 1, 'cnns_per_maxpool': 3, 'global_maxpool': True, 'dense_units': 512, 'maxpool_layers': 5, 'regularization': False}
train_hparams: {'optimizer': 'Adadelta', 'learning_rate': 1.0, 'scheduler': 'plateau10'}
------------------------------
settings[hparam_defaults]: {'optimizer': 'RMSprop', 'scheduler': 'constant', 'learning_rate': 0.001, 'min_lr': 0.001, 'split': 0.2, 'batch_size': 128, 'fraction': 1.0, 'epochs': 99, 'patience': 10, 'loops': 1, 'timeout': '24h'}
settings[verbose]: {'tensorboard': True, 'fit': 1}
settings[dir]: {'data': './input/bengaliai-cv19', 'features': './input_features/bengaliai-cv19/', 'models': './data_output/models', 'submissions': './data_output/submissions', 'logs': './logs'}
------------------------------
{
    "loss": "0.3388911787012291",
    "grapheme_root_loss": "0.09874239",
    "vowel_diacritic_loss": "0.03439914",
    "consonant_diacritic_loss": "0.038879596",
    "grapheme_loss": "0.16928934",
    "grapheme_root_accuracy": "0.9735757",
    "vowel_diacritic_accuracy": "0.9919526",
    "consonant_diacritic_accuracy": "0.9907515",
    "grapheme_accuracy": "0.96730995",
    "val_loss": "0.6100373210347428",
    "val_grapheme_root_loss": "0.1999405",
    "val_vowel_diacritic_loss": "0.059801638",
    "val_consonant_diacritic_loss": "0.060187638",
    "val_grapheme_loss": "0.2901075",
    "val_grapheme_root_accuracy": "0.954318",
    "val_vowel_diacritic_accuracy": "0.98778874",
    "val_consonant_diacritic_accuracy": "0.98494613",
    "val_grapheme_accuracy": "0.94218683",
    "lr": "1.0000001e-05",
    "time": "11532",
    "epochs": "78"
}
------------------------------
------------------------------
script started: 2020-03-25 05:51:30
script ended:   2020-03-25 10:49:22
script runtime: 4 hourss
------------------------------