------------------------------
Completed
------------------------------
model_hparams: {'dense_layers': 1, 'regularization': True, 'global_maxpool': False, 'cnns_per_maxpool': 1, 'dense_units': 512, 'maxpool_layers': 4}
train_hparams: {'optimizer': 'Adadelta', 'learning_rate': 1.0, 'scheduler': 'plateau10'}
------------------------------
settings[hparam_defaults]: {'optimizer': 'RMSprop', 'scheduler': 'constant', 'learning_rate': 0.001, 'min_lr': 0.001, 'split': 0.2, 'batch_size': 128, 'fraction': 1.0, 'epochs': 99, 'patience': 10, 'loops': 1, 'timeout': '24h'}
settings[verbose]: {'tensorboard': True, 'fit': 1}
settings[dir]: {'data': './input/bengaliai-cv19', 'features': './input_features/bengaliai-cv19/', 'models': './data_output/models', 'submissions': './data_output/submissions', 'logs': './logs'}
------------------------------
{
    "loss": "2.624460546669779",
    "grapheme_root_loss": "0.6383346",
    "vowel_diacritic_loss": "0.20024769",
    "consonant_diacritic_loss": "0.18968283",
    "grapheme_loss": "1.2944268",
    "grapheme_root_accuracy": "0.81995434",
    "vowel_diacritic_accuracy": "0.93766266",
    "consonant_diacritic_accuracy": "0.9405453",
    "grapheme_accuracy": "0.75511473",
    "val_loss": "1.588306145400417",
    "val_grapheme_root_loss": "0.35889536",
    "val_vowel_diacritic_loss": "0.116859935",
    "val_consonant_diacritic_loss": "0.12423235",
    "val_grapheme_loss": "0.6759931",
    "val_grapheme_root_accuracy": "0.89854664",
    "val_vowel_diacritic_accuracy": "0.96572846",
    "val_consonant_diacritic_accuracy": "0.9607239",
    "val_grapheme_accuracy": "0.8707611",
    "lr": "0.000100000005",
    "time": "6869",
    "epochs": "76"
}
------------------------------
------------------------------
script started: 2020-03-25 05:51:30
script ended:   2020-03-25 17:03:54
script runtime: 11 hourss
------------------------------