------------------------------
Completed
------------------------------
model_hparams: {'maxpool_layers': 5, 'cnns_per_maxpool': 4, 'dense_units': 512, 'dense_layers': 2, 'regularization': False, 'global_maxpool': False}
train_hparams: {'optimizer': 'Adadelta', 'learning_rate': 1.0, 'scheduler': 'plateau10'}
------------------------------
settings[hparam_defaults]: {'optimizer': 'RMSprop', 'scheduler': 'constant', 'learning_rate': 0.001, 'min_lr': 0.001, 'split': 0.2, 'batch_size': 128, 'fraction': 1.0, 'epochs': 99, 'patience': 10, 'loops': 1, 'timeout': '24h'}
settings[verbose]: {'tensorboard': True, 'fit': 1}
settings[dir]: {'data': './input/bengaliai-cv19', 'features': './input_features/bengaliai-cv19/', 'models': './data_output/models', 'submissions': './data_output/submissions', 'logs': './logs'}
------------------------------
{
    "loss": "0.5578071967578084",
    "grapheme_root_loss": "0.18448779",
    "vowel_diacritic_loss": "0.055350292",
    "consonant_diacritic_loss": "0.054277144",
    "grapheme_loss": "0.26607472",
    "grapheme_root_accuracy": "0.9527565",
    "vowel_diacritic_accuracy": "0.98756856",
    "consonant_diacritic_accuracy": "0.98560673",
    "grapheme_accuracy": "0.9439284",
    "val_loss": "0.6567986076887773",
    "val_grapheme_root_loss": "0.21266009",
    "val_vowel_diacritic_loss": "0.07378913",
    "val_consonant_diacritic_loss": "0.06289069",
    "val_grapheme_loss": "0.30745867",
    "val_grapheme_root_accuracy": "0.9495936",
    "val_vowel_diacritic_accuracy": "0.98506624",
    "val_consonant_diacritic_accuracy": "0.98410535",
    "val_grapheme_accuracy": "0.93646157",
    "lr": "0.000100000005",
    "time": "7745",
    "epochs": "45"
}
------------------------------
------------------------------
script started: 2020-03-28 15:14:42
script ended:   2020-03-28 17:23:54
script runtime: 2 hourss
------------------------------