------------------------------
Completed
------------------------------
model_hparams: {'dense_units': 512, 'cnns_per_maxpool': 3, 'global_maxpool': False, 'maxpool_layers': 5, 'regularization': True, 'dense_layers': 1}
train_hparams: {'optimizer': 'Adadelta', 'learning_rate': 1.0, 'scheduler': 'plateau10'}
------------------------------
settings[hparam_defaults]: {'optimizer': 'RMSprop', 'scheduler': 'constant', 'learning_rate': 0.001, 'min_lr': 0.001, 'split': 0.2, 'batch_size': 128, 'fraction': 1.0, 'epochs': 99, 'patience': 10, 'loops': 1, 'timeout': '24h'}
settings[verbose]: {'tensorboard': True, 'fit': 1}
settings[dir]: {'data': './input/bengaliai-cv19', 'features': './input_features/bengaliai-cv19/', 'models': './data_output/models', 'submissions': './data_output/submissions', 'logs': './logs'}
------------------------------
{
    "loss": "15.409328508448509",
    "grapheme_root_loss": "4.7032804",
    "vowel_diacritic_loss": "1.0672278",
    "consonant_diacritic_loss": "1.03339",
    "grapheme_loss": "6.76613",
    "grapheme_root_accuracy": "0.03441526",
    "vowel_diacritic_accuracy": "0.6427644",
    "consonant_diacritic_accuracy": "0.6462798",
    "grapheme_accuracy": "0.0093078995",
    "val_loss": "15.185372668869642",
    "val_grapheme_root_loss": "5.122665",
    "val_vowel_diacritic_loss": "1.0141041",
    "val_consonant_diacritic_loss": "1.6784214",
    "val_grapheme_loss": "6.7875066",
    "val_grapheme_root_accuracy": "0.03240593",
    "val_vowel_diacritic_accuracy": "0.6692443",
    "val_consonant_diacritic_accuracy": "0.38145727",
    "val_grapheme_accuracy": "0.008131377",
    "lr": "0.001",
    "time": "180",
    "epochs": "1"
}
------------------------------
------------------------------
script started: 2020-03-26 14:04:35
script ended:   2020-03-27 14:02:57
script runtime: 23 hourss
------------------------------