------------------------------
Completed
------------------------------
model_hparams: {'maxpool_layers': 5, 'global_maxpool': True, 'cnns_per_maxpool': 2, 'dense_units': 128, 'dense_layers': 1, 'regularization': False}
train_hparams: {'optimizer': 'Adadelta', 'learning_rate': 1.0, 'scheduler': 'plateau10'}
------------------------------
settings[hparam_defaults]: {'optimizer': 'RMSprop', 'scheduler': 'constant', 'learning_rate': 0.001, 'min_lr': 0.001, 'split': 0.2, 'batch_size': 128, 'fraction': 1.0, 'epochs': 99, 'patience': 10, 'loops': 1, 'timeout': '24h'}
settings[verbose]: {'tensorboard': True, 'fit': 1}
settings[dir]: {'data': './input/bengaliai-cv19', 'features': './input_features/bengaliai-cv19/', 'models': './data_output/models', 'submissions': './data_output/submissions', 'logs': './logs'}
------------------------------
{
    "loss": "0.8802629971590599",
    "grapheme_root_loss": "0.2360686",
    "vowel_diacritic_loss": "0.08894488",
    "consonant_diacritic_loss": "0.087456584",
    "grapheme_loss": "0.4693417",
    "grapheme_root_accuracy": "0.9398647",
    "vowel_diacritic_accuracy": "0.9784802",
    "consonant_diacritic_accuracy": "0.97819996",
    "grapheme_accuracy": "0.92779356",
    "val_loss": "0.8233792568956103",
    "val_grapheme_root_loss": "0.2077345",
    "val_vowel_diacritic_loss": "0.07068792",
    "val_consonant_diacritic_loss": "0.066181324",
    "val_grapheme_loss": "0.47877565",
    "val_grapheme_root_accuracy": "0.9458702",
    "val_vowel_diacritic_accuracy": "0.98290426",
    "val_consonant_diacritic_accuracy": "0.981543",
    "val_grapheme_accuracy": "0.9328983",
    "lr": "0.000100000005",
    "time": "6131",
    "epochs": "53"
}
------------------------------
------------------------------
script started: 2020-03-28 15:14:42
script ended:   2020-03-28 19:06:13
script runtime: 3 hourss
------------------------------