------------------------------
Completed
------------------------------
model_hparams: {'maxpool_layers': 5, 'cnns_per_maxpool': 2, 'dense_units': 256, 'dense_layers': 1, 'regularization': False, 'global_maxpool': False}
train_hparams: {'optimizer': 'Adadelta', 'learning_rate': 1.0, 'scheduler': 'plateau10'}
------------------------------
settings[hparam_defaults]: {'optimizer': 'RMSprop', 'scheduler': 'constant', 'learning_rate': 0.001, 'min_lr': 0.001, 'split': 0.2, 'batch_size': 128, 'fraction': 1.0, 'epochs': 99, 'patience': 10, 'loops': 1, 'timeout': '24h'}
settings[verbose]: {'tensorboard': True, 'fit': 1}
settings[dir]: {'data': './input/bengaliai-cv19', 'features': './input_features/bengaliai-cv19/', 'models': './data_output/models', 'submissions': './data_output/submissions', 'logs': './logs'}
------------------------------
{
    "loss": "0.6400599777901359",
    "grapheme_root_loss": "0.17583674",
    "vowel_diacritic_loss": "0.06334755",
    "consonant_diacritic_loss": "0.06404312",
    "grapheme_loss": "0.34060478",
    "grapheme_root_accuracy": "0.95125514",
    "vowel_diacritic_accuracy": "0.9837851",
    "consonant_diacritic_accuracy": "0.98272413",
    "grapheme_accuracy": "0.9415462",
    "val_loss": "0.6203783474368404",
    "val_grapheme_root_loss": "0.2052011",
    "val_vowel_diacritic_loss": "0.07048459",
    "val_consonant_diacritic_loss": "0.05920615",
    "val_grapheme_loss": "0.28548646",
    "val_grapheme_root_accuracy": "0.9508748",
    "val_vowel_diacritic_accuracy": "0.9844657",
    "val_consonant_diacritic_accuracy": "0.98574686",
    "val_grapheme_accuracy": "0.93746245",
    "lr": "1.0000001e-05",
    "time": "8007",
    "epochs": "69"
}
------------------------------
------------------------------
script started: 2020-03-28 15:14:42
script ended:   2020-03-29 00:31:10
script runtime: 9 hourss
------------------------------