------------------------------
Completed
------------------------------
model_hparams: {'dense_layers': 1, 'global_maxpool': True, 'dense_units': 512, 'cnns_per_maxpool': 4, 'maxpool_layers': 4, 'regularization': False}
train_hparams: {'optimizer': 'Adadelta', 'learning_rate': 1.0, 'scheduler': 'plateau10'}
------------------------------
settings[hparam_defaults]: {'optimizer': 'RMSprop', 'scheduler': 'constant', 'learning_rate': 0.001, 'min_lr': 0.001, 'split': 0.2, 'batch_size': 128, 'fraction': 1.0, 'epochs': 99, 'patience': 10, 'loops': 1, 'timeout': '24h'}
settings[verbose]: {'tensorboard': True, 'fit': 1}
settings[dir]: {'data': './input/bengaliai-cv19', 'features': './input_features/bengaliai-cv19/', 'models': './data_output/models', 'submissions': './data_output/submissions', 'logs': './logs'}
------------------------------
{
    "loss": "0.45545684528364194",
    "grapheme_root_loss": "0.12835291",
    "vowel_diacritic_loss": "0.05059035",
    "consonant_diacritic_loss": "0.049114652",
    "grapheme_loss": "0.23208301",
    "grapheme_root_accuracy": "0.9655083",
    "vowel_diacritic_accuracy": "0.98816913",
    "consonant_diacritic_accuracy": "0.98792887",
    "grapheme_accuracy": "0.9574208",
    "val_loss": "0.621561312781913",
    "val_grapheme_root_loss": "0.18274051",
    "val_vowel_diacritic_loss": "0.061362077",
    "val_consonant_diacritic_loss": "0.059081845",
    "val_grapheme_loss": "0.31837693",
    "val_grapheme_root_accuracy": "0.95363736",
    "val_vowel_diacritic_accuracy": "0.98574686",
    "val_consonant_diacritic_accuracy": "0.98454577",
    "val_grapheme_accuracy": "0.9444689",
    "lr": "1.0000001e-05",
    "time": "8137",
    "epochs": "47"
}
------------------------------
------------------------------
script started: 2020-03-25 05:51:30
script ended:   2020-03-26 05:48:19
script runtime: 23 hourss
------------------------------