------------------------------
Completed
------------------------------
model_hparams: {'maxpool_layers': 5, 'cnns_per_maxpool': 2, 'dense_units': 128, 'dense_layers': 2, 'regularization': False, 'global_maxpool': False}
train_hparams: {'optimizer': 'Adadelta', 'learning_rate': 1.0, 'scheduler': 'plateau10'}
------------------------------
settings[hparam_defaults]: {'optimizer': 'RMSprop', 'scheduler': 'constant', 'learning_rate': 0.001, 'min_lr': 0.001, 'split': 0.2, 'batch_size': 128, 'fraction': 1.0, 'epochs': 99, 'patience': 10, 'loops': 1, 'timeout': '24h'}
settings[verbose]: {'tensorboard': True, 'fit': 1}
settings[dir]: {'data': './input/bengaliai-cv19', 'features': './input_features/bengaliai-cv19/', 'models': './data_output/models', 'submissions': './data_output/submissions', 'logs': './logs'}
------------------------------
{
    "loss": "1.0258638978352868",
    "grapheme_root_loss": "0.2559766",
    "vowel_diacritic_loss": "0.08148296",
    "consonant_diacritic_loss": "0.08458792",
    "grapheme_loss": "0.6068773",
    "grapheme_root_accuracy": "0.93528044",
    "vowel_diacritic_accuracy": "0.9801617",
    "consonant_diacritic_accuracy": "0.97908074",
    "grapheme_accuracy": "0.91490173",
    "val_loss": "0.6914138771897677",
    "val_grapheme_root_loss": "0.22308038",
    "val_vowel_diacritic_loss": "0.07306728",
    "val_consonant_diacritic_loss": "0.07126145",
    "val_grapheme_loss": "0.32400477",
    "val_grapheme_root_accuracy": "0.94819236",
    "val_vowel_diacritic_accuracy": "0.9851063",
    "val_consonant_diacritic_accuracy": "0.98286426",
    "val_grapheme_accuracy": "0.9342995",
    "lr": "1.0000001e-05",
    "time": "7680",
    "epochs": "66"
}
------------------------------
------------------------------
script started: 2020-03-28 15:14:42
script ended:   2020-03-29 09:04:52
script runtime: 16 hourss
------------------------------