------------------------------
Completed
------------------------------
model_hparams: {'dense_units': 128, 'global_maxpool': False, 'dense_layers': 3, 'regularization': False, 'maxpool_layers': 5, 'cnns_per_maxpool': 1}
train_hparams: {'optimizer': 'Adadelta', 'learning_rate': 1.0, 'scheduler': 'plateau10'}
------------------------------
settings[hparam_defaults]: {'optimizer': 'RMSprop', 'scheduler': 'constant', 'learning_rate': 0.001, 'min_lr': 0.001, 'split': 0.2, 'batch_size': 128, 'fraction': 1.0, 'epochs': 99, 'patience': 10, 'loops': 1, 'timeout': '24h'}
settings[verbose]: {'tensorboard': True, 'fit': 1}
settings[dir]: {'data': './input/bengaliai-cv19', 'features': './input_features/bengaliai-cv19/', 'models': './data_output/models', 'submissions': './data_output/submissions', 'logs': './logs'}
------------------------------
{
    "loss": "2.7992144174026365",
    "grapheme_root_loss": "0.84002405",
    "vowel_diacritic_loss": "0.22832921",
    "consonant_diacritic_loss": "0.21290036",
    "grapheme_loss": "1.5272816",
    "grapheme_root_accuracy": "0.776094",
    "vowel_diacritic_accuracy": "0.93788284",
    "consonant_diacritic_accuracy": "0.9374424",
    "grapheme_accuracy": "0.7014854",
    "val_loss": "1.1796958197136314",
    "val_grapheme_root_loss": "0.38346672",
    "val_vowel_diacritic_loss": "0.10498194",
    "val_consonant_diacritic_loss": "0.10952643",
    "val_grapheme_loss": "0.5817206",
    "val_grapheme_root_accuracy": "0.8952236",
    "val_vowel_diacritic_accuracy": "0.9716139",
    "val_consonant_diacritic_accuracy": "0.9674501",
    "val_grapheme_accuracy": "0.8703207",
    "lr": "1.0000001e-05",
    "time": "6493",
    "epochs": "75"
}
------------------------------
------------------------------
script started: 2020-03-26 14:04:35
script ended:   2020-03-26 15:52:58
script runtime: an hours
------------------------------