------------------------------
Completed
------------------------------
model_hparams: {'maxpool_layers': 5, 'global_maxpool': True, 'cnns_per_maxpool': 4, 'dense_units': 128, 'regularization': True, 'dense_layers': 2}
train_hparams: {'optimizer': 'Adadelta', 'learning_rate': 1.0, 'scheduler': 'plateau10'}
------------------------------
settings[hparam_defaults]: {'optimizer': 'RMSprop', 'scheduler': 'constant', 'learning_rate': 0.001, 'min_lr': 0.001, 'split': 0.2, 'batch_size': 128, 'fraction': 1.0, 'epochs': 99, 'patience': 10, 'loops': 1, 'timeout': '24h'}
settings[verbose]: {'tensorboard': True, 'fit': 1}
settings[dir]: {'data': './input/bengaliai-cv19', 'features': './input_features/bengaliai-cv19/', 'models': './data_output/models', 'submissions': './data_output/submissions', 'logs': './logs'}
------------------------------
{
    "loss": "1.2777918814567557",
    "grapheme_root_loss": "0.22087619",
    "vowel_diacritic_loss": "0.08278406",
    "consonant_diacritic_loss": "0.078712374",
    "grapheme_loss": "0.71289164",
    "grapheme_root_accuracy": "0.949954",
    "vowel_diacritic_accuracy": "0.98134285",
    "consonant_diacritic_accuracy": "0.98158306",
    "grapheme_accuracy": "0.91974616",
    "val_loss": "0.9643753402087153",
    "val_grapheme_root_loss": "0.23251985",
    "val_vowel_diacritic_loss": "0.07400895",
    "val_consonant_diacritic_loss": "0.061546735",
    "val_grapheme_loss": "0.41987583",
    "val_grapheme_root_accuracy": "0.9494335",
    "val_vowel_diacritic_accuracy": "0.9866277",
    "val_consonant_diacritic_accuracy": "0.9855467",
    "val_grapheme_accuracy": "0.9379429",
    "lr": "1.0000001e-05",
    "time": "17190",
    "epochs": "99"
}
------------------------------
------------------------------
script started: 2020-03-28 15:14:42
script ended:   2020-03-29 13:51:31
script runtime: 21 hourss
------------------------------