------------------------------
Completed
------------------------------
model_hparams: {'dense_units': 256, 'cnns_per_maxpool': 3, 'global_maxpool': False, 'regularization': False, 'maxpool_layers': 5, 'dense_layers': 1}
train_hparams: {'optimizer': 'Adadelta', 'learning_rate': 1.0, 'scheduler': 'plateau10'}
------------------------------
settings[hparam_defaults]: {'optimizer': 'RMSprop', 'scheduler': 'constant', 'learning_rate': 0.001, 'min_lr': 0.001, 'split': 0.2, 'batch_size': 128, 'fraction': 1.0, 'epochs': 99, 'patience': 10, 'loops': 1, 'timeout': '24h'}
settings[verbose]: {'tensorboard': True, 'fit': 1}
settings[dir]: {'data': './input/bengaliai-cv19', 'features': './input_features/bengaliai-cv19/', 'models': './data_output/models', 'submissions': './data_output/submissions', 'logs': './logs'}
------------------------------
{
    "loss": "0.5654935241783621",
    "grapheme_root_loss": "0.1650008",
    "vowel_diacritic_loss": "0.05619679",
    "consonant_diacritic_loss": "0.058463864",
    "grapheme_loss": "0.28637394",
    "grapheme_root_accuracy": "0.95702046",
    "vowel_diacritic_accuracy": "0.9865676",
    "consonant_diacritic_accuracy": "0.98604715",
    "grapheme_accuracy": "0.94843256",
    "val_loss": "0.6456085965797609",
    "val_grapheme_root_loss": "0.21722983",
    "val_vowel_diacritic_loss": "0.07179163",
    "val_consonant_diacritic_loss": "0.070628956",
    "val_grapheme_loss": "0.28595814",
    "val_grapheme_root_accuracy": "0.9509949",
    "val_vowel_diacritic_accuracy": "0.9862674",
    "val_consonant_diacritic_accuracy": "0.98406535",
    "val_grapheme_accuracy": "0.9406654",
    "lr": "0.000100000005",
    "time": "7550",
    "epochs": "52"
}
------------------------------
------------------------------
script started: 2020-03-26 14:04:35
script ended:   2020-03-26 22:16:28
script runtime: 8 hourss
------------------------------