------------------------------
Completed
------------------------------
model_hparams: {'dense_units': 512, 'global_maxpool': False, 'dense_layers': 3, 'maxpool_layers': 4, 'regularization': True, 'cnns_per_maxpool': 1}
train_hparams: {'optimizer': 'Adadelta', 'learning_rate': 1.0, 'scheduler': 'plateau10'}
------------------------------
settings[hparam_defaults]: {'optimizer': 'RMSprop', 'scheduler': 'constant', 'learning_rate': 0.001, 'min_lr': 0.001, 'split': 0.2, 'batch_size': 128, 'fraction': 1.0, 'epochs': 99, 'patience': 10, 'loops': 1, 'timeout': '24h'}
settings[verbose]: {'tensorboard': True, 'fit': 1}
settings[dir]: {'data': './input/bengaliai-cv19', 'features': './input_features/bengaliai-cv19/', 'models': './data_output/models', 'submissions': './data_output/submissions', 'logs': './logs'}
------------------------------
{
    "loss": "2.979635184686608",
    "grapheme_root_loss": "0.71607924",
    "vowel_diacritic_loss": "0.2044661",
    "consonant_diacritic_loss": "0.18217517",
    "grapheme_loss": "1.2658244",
    "grapheme_root_accuracy": "0.80854386",
    "vowel_diacritic_accuracy": "0.94478923",
    "consonant_diacritic_accuracy": "0.94787204",
    "grapheme_accuracy": "0.7549145",
    "val_loss": "1.7561126941320848",
    "val_grapheme_root_loss": "0.3698282",
    "val_vowel_diacritic_loss": "0.10157136",
    "val_consonant_diacritic_loss": "0.104855",
    "val_grapheme_loss": "0.5645805",
    "val_grapheme_root_accuracy": "0.8976258",
    "val_vowel_diacritic_accuracy": "0.973856",
    "val_consonant_diacritic_accuracy": "0.96909153",
    "val_grapheme_accuracy": "0.8735637",
    "lr": "1.0000001e-05",
    "time": "8720",
    "epochs": "99"
}
------------------------------
------------------------------
script started: 2020-03-26 14:04:35
script ended:   2020-03-26 18:18:25
script runtime: 4 hourss
------------------------------