------------------------------
Completed
------------------------------
model_hparams: {'dense_units': 256, 'global_maxpool': True, 'maxpool_layers': 5, 'dense_layers': 2, 'regularization': True, 'cnns_per_maxpool': 1}
train_hparams: {'optimizer': 'Adadelta', 'learning_rate': 1.0, 'scheduler': 'plateau10'}
------------------------------
settings[hparam_defaults]: {'optimizer': 'RMSprop', 'scheduler': 'constant', 'learning_rate': 0.001, 'min_lr': 0.001, 'split': 0.2, 'batch_size': 128, 'fraction': 1.0, 'epochs': 99, 'patience': 10, 'loops': 1, 'timeout': '24h'}
settings[verbose]: {'tensorboard': True, 'fit': 1}
settings[dir]: {'data': './input/bengaliai-cv19', 'features': './input_features/bengaliai-cv19/', 'models': './data_output/models', 'submissions': './data_output/submissions', 'logs': './logs'}
------------------------------
{
    "loss": "3.4808613674966256",
    "grapheme_root_loss": "0.96075004",
    "vowel_diacritic_loss": "0.25652468",
    "consonant_diacritic_loss": "0.23653954",
    "grapheme_loss": "1.701251",
    "grapheme_root_accuracy": "0.7370581",
    "vowel_diacritic_accuracy": "0.9241102",
    "consonant_diacritic_accuracy": "0.9263122",
    "grapheme_accuracy": "0.65582335",
    "val_loss": "1.699414472798912",
    "val_grapheme_root_loss": "0.43982777",
    "val_vowel_diacritic_loss": "0.11276581",
    "val_consonant_diacritic_loss": "0.1189818",
    "val_grapheme_loss": "0.6868439",
    "val_grapheme_root_accuracy": "0.8744445",
    "val_vowel_diacritic_accuracy": "0.9656884",
    "val_consonant_diacritic_accuracy": "0.96220523",
    "val_grapheme_accuracy": "0.8480202",
    "lr": "1.0000001e-06",
    "time": "6715",
    "epochs": "77"
}
------------------------------
------------------------------
script started: 2020-03-26 14:04:35
script ended:   2020-03-26 20:10:29
script runtime: 6 hourss
------------------------------