------------------------------
Completed
------------------------------
train: {'batch_size': 64, 'learning_rate': 0.01, 'scheduler': 'plateau10', 'optimizer': 'Nadam', 'epochs': 5}
model: {'dense_units': 256, 'activation': 'relu', 'cnns_per_maxpool': 3, 'cnn_strides': 1, 'global_maxpool': False, 'maxpool_layers': 5, 'dropout': 0.25, 'dense_layers': 1, 'regularization': False, 'cnn_kernel': 3, 'cnn_units': 32}
transform_X: {'rescale': True, 'denoise': True, 'center': True, 'resize': 2}
transform_Y: {}
datagen: {'rotation_range': 22.5, 'cval': 0, 'height_shift_range': 0.1, 'width_shift_range': 0.1, 'shear_range': 22.5, 'fill_mode': 'constant', 'zoom_range': 0.2}
------------------------------
settings[hparam_defaults]: {'optimizer': 'RMSprop', 'scheduler': 'constant', 'learning_rate': 0.001, 'min_lr': 0.001, 'split': 0.2, 'batch_size': 128, 'fraction': 1.0, 'epochs': 99, 'patience': 10, 'loops': 1, 'timeout': '24h'}
settings[verbose]: {'tensorboard': True, 'fit': 1}
settings[dir]: {'data': './input/bengaliai-cv19', 'features': './input_features/bengaliai-cv19/', 'models': './data_output/models', 'submissions': './data_output/submissions', 'logs': './logs'}
------------------------------
{
    "loss": "3.626117837214345",
    "grapheme_root_loss": "0.84154236",
    "vowel_diacritic_loss": "0.2404612",
    "consonant_diacritic_loss": "0.21624239",
    "grapheme_loss": "2.3302023",
    "grapheme_root_accuracy": "0.77309215",
    "vowel_diacritic_accuracy": "0.9339883",
    "consonant_diacritic_accuracy": "0.9369434",
    "grapheme_accuracy": "0.59925723",
    "val_loss": "3.1391742308529054",
    "val_grapheme_root_loss": "0.62409854",
    "val_vowel_diacritic_loss": "0.5929516",
    "val_consonant_diacritic_loss": "0.1668499",
    "val_grapheme_loss": "1.755275",
    "val_grapheme_root_accuracy": "0.85387963",
    "val_vowel_diacritic_accuracy": "0.9479254",
    "val_consonant_diacritic_accuracy": "0.95028156",
    "val_grapheme_accuracy": "0.7269278",
    "lr": "0.001",
    "time": "776",
    "epochs": "5"
}
------------------------------
------------------------------
script started: 2020-04-03 19:03:47
script ended:   2020-04-03 19:31:44
script runtime: 0:12:56
------------------------------