------------------------------
Completed
------------------------------
model_hparams: {'cnns_per_maxpool': 3, 'maxpool_layers': 4, 'dense_layers': 2, 'dense_units': 256, 'regularization': False, 'global_maxpool': False}
train_hparams: {'optimizer': 'RMSprop', 'scheduler': 'constant', 'learning_rate': 0.001, 'min_lr': 0.001, 'split': 0.2, 'batch_size': 32, 'fraction': 1.0, 'patience': 10, 'loops': 1, 'timeout': '24h', 'best_only': True, 'epochs': 99, 'loss_weights': False}
------------------------------
settings[hparam_defaults]: {'optimizer': 'RMSprop', 'scheduler': 'constant', 'learning_rate': 0.001, 'min_lr': 0.001, 'split': 0.2, 'batch_size': 128, 'fraction': 1.0, 'patience': 10, 'loops': 1, 'timeout': '24h'}
settings[verbose]: {'tensorboard': True, 'fit': 1}
settings[dir]: {'data': './input/bengaliai-cv19', 'features': './input_features/bengaliai-cv19/', 'models': './data_output/models', 'submissions': './data_output/submissions', 'logs': './logs'}
------------------------------
{
    "loss": "1.0565066412326007",
    "grapheme_root_loss": "0.326",
    "vowel_diacritic_loss": "0.0986",
    "consonant_diacritic_loss": "0.0974",
    "grapheme_loss": "0.5625",
    "grapheme_root_accuracy": "0.98",
    "vowel_diacritic_accuracy": "0.9966",
    "consonant_diacritic_accuracy": "0.9976",
    "grapheme_accuracy": "0.9546",
    "val_loss": "0.7344550575854446",
    "val_grapheme_root_loss": "0.245",
    "val_vowel_diacritic_loss": "0.07166",
    "val_consonant_diacritic_loss": "0.07355",
    "val_grapheme_loss": "0.34",
    "val_grapheme_root_accuracy": "0.969",
    "val_vowel_diacritic_accuracy": "0.995",
    "val_consonant_diacritic_accuracy": "0.992",
    "val_grapheme_accuracy": "0.952",
    "lr": "0.001",
    "time": "12217",
    "epochs": "77"
}
------------------------------
------------------------------
script started: 2020-03-20 16:00:51
script ended:   2020-03-20 19:24:36
script runtime: 3 hourss
------------------------------