------------------------------
Completed
------------------------------
model_hparams: {'cnns_per_maxpool': 3, 'maxpool_layers': 4, 'dense_layers': 2, 'dense_units': 512, 'regularization': False, 'global_maxpool': False}
train_hparams: {'optimizer': 'RMSprop', 'scheduler': 'constant', 'learning_rate': 0.001, 'min_lr': 0.001, 'split': 0.2, 'batch_size': 128, 'fraction': 1.0, 'patience': 10, 'loops': 1, 'timeout': '24h', 'best_only': True, 'epochs': 99, 'loss_weights': False}
------------------------------
settings[hparam_defaults]: {'optimizer': 'RMSprop', 'scheduler': 'constant', 'learning_rate': 0.001, 'min_lr': 0.001, 'split': 0.2, 'batch_size': 128, 'fraction': 1.0, 'patience': 10, 'loops': 1, 'timeout': '24h'}
settings[verbose]: {'tensorboard': True, 'fit': 1}
settings[dir]: {'data': './input/bengaliai-cv19', 'features': './input_features/bengaliai-cv19/', 'models': './data_output/models', 'submissions': './data_output/submissions', 'logs': './logs'}
------------------------------
{
    "loss": "1.008260680998787",
    "grapheme_root_loss": "0.3284",
    "vowel_diacritic_loss": "0.0917",
    "consonant_diacritic_loss": "0.0959",
    "grapheme_loss": "0.493",
    "grapheme_root_accuracy": "0.92",
    "vowel_diacritic_accuracy": "0.992",
    "consonant_diacritic_accuracy": "0.9897",
    "grapheme_accuracy": "0.867",
    "val_loss": "0.7427161583533654",
    "val_grapheme_root_loss": "0.2605",
    "val_vowel_diacritic_loss": "0.0738",
    "val_consonant_diacritic_loss": "0.07874",
    "val_grapheme_loss": "0.3286",
    "val_grapheme_root_accuracy": "0.9346",
    "val_vowel_diacritic_accuracy": "0.9863",
    "val_consonant_diacritic_accuracy": "0.981",
    "val_grapheme_accuracy": "0.921",
    "lr": "0.001",
    "time": "9117",
    "epochs": "66"
}
------------------------------
------------------------------
script started: 2020-03-20 19:24:56
script ended:   2020-03-20 21:57:03
script runtime: 2 hourss
------------------------------