------------------------------
Completed | consonant_diacritic
model_hparams: {'cnns_per_maxpool': 1, 'maxpool_layers': 5, 'dense_layers': 1, 'dense_units': 64, 'regularization': False, 'global_maxpool': False}
train_hparams: {'optimizer': 'RMSprop', 'scheduler': 'constant', 'learning_rate': 0.001, 'min_lr': 0.001, 'split': 0.2, 'batch_size': 128, 'fraction': 1.0, 'patience': 0, 'loops': 1, 'timeout': '110m'}
{'loss': 0.2690788254993557, 'accuracy': 0.9116212, 'val_loss': 0.36907564913507146, 'val_accuracy': 0.8722366, 'lr': 0.001, 'time': 158, 'epochs': 3}
{'loss': 0.2775004931332889, 'accuracy': 0.91124773, 'val_loss': 0.6292789710918951, 'val_accuracy': 0.76150167, 'lr': 0.001, 'time': 107, 'epochs': 2}
{'loss': 0.27895975290981095, 'accuracy': 0.908559, 'val_loss': 0.3776850885448406, 'val_accuracy': 0.89703244, 'lr': 0.001, 'time': 111, 'epochs': 2}
{'loss': 0.2705036113162934, 'accuracy': 0.9130153, 'val_loss': 0.5684315354623207, 'val_accuracy': 0.8160725, 'lr': 0.001, 'time': 113, 'epochs': 2}
------------------------------
Completed | grapheme_root
model_hparams: {'cnns_per_maxpool': 1, 'maxpool_layers': 5, 'dense_layers': 1, 'dense_units': 64, 'regularization': False, 'global_maxpool': False}
train_hparams: {'optimizer': 'RMSprop', 'scheduler': 'constant', 'learning_rate': 0.001, 'min_lr': 0.001, 'split': 0.2, 'batch_size': 128, 'fraction': 1.0, 'patience': 0, 'loops': 1, 'timeout': '110m'}
{'loss': 1.4309412668815435, 'accuracy': 0.6101374, 'val_loss': 1.5261070250135285, 'val_accuracy': 0.6005776, 'lr': 0.001, 'time': 258, 'epochs': 5}
{'loss': 1.4584006657759, 'accuracy': 0.60087633, 'val_loss': 1.4818049501646233, 'val_accuracy': 0.610237, 'lr': 0.001, 'time': 157, 'epochs': 3}
{'loss': 1.4788154294779994, 'accuracy': 0.6015734, 'val_loss': 117.51978002509091, 'val_accuracy': 0.010356503, 'lr': 0.001, 'time': 109, 'epochs': 2}
{'loss': 1.4180990938787987, 'accuracy': 0.61105853, 'val_loss': 1.2102440230472704, 'val_accuracy': 0.6728739, 'lr': 0.001, 'time': 258, 'epochs': 5}
------------------------------
Completed | vowel_diacritic
model_hparams: {'cnns_per_maxpool': 1, 'maxpool_layers': 5, 'dense_layers': 1, 'dense_units': 64, 'regularization': False, 'global_maxpool': False}
train_hparams: {'optimizer': 'RMSprop', 'scheduler': 'constant', 'learning_rate': 0.001, 'min_lr': 0.001, 'split': 0.2, 'batch_size': 128, 'fraction': 1.0, 'patience': 0, 'loops': 1, 'timeout': '110m'}
{'loss': 0.29507514744183855, 'accuracy': 0.9045011, 'val_loss': 1.252112947002252, 'val_accuracy': 0.62417847, 'lr': 0.001, 'time': 212, 'epochs': 4}
{'loss': 0.2969094945944725, 'accuracy': 0.9050239, 'val_loss': 1.4586234169636938, 'val_accuracy': 0.4444334, 'lr': 0.001, 'time': 159, 'epochs': 3}
{'loss': 0.3084545693200937, 'accuracy': 0.899771, 'val_loss': 1.244289810926737, 'val_accuracy': 0.5257917, 'lr': 0.001, 'time': 108, 'epochs': 2}
{'loss': 0.3026971971281162, 'accuracy': 0.9038787, 'val_loss': 1.8322251695390954, 'val_accuracy': 0.551185, 'lr': 0.001, 'time': 158, 'epochs': 3}
------------------------------