------------------------------
Completed
------------------------------
datagen: {'shear_range': 22.5, 'width_shift_range': 0.1, 'fill_mode': 'constant', 'zoom_range': 0.2, 'height_shift_range': 0.1, 'cval': 0, 'rotation_range': 22.5}
model: {'dense_units': 256, 'cnn_kernel': 3, 'cnn_strides': 1, 'cnn_units': 32, 'cnns_per_maxpool': 3, 'maxpool_layers': 5, 'activation': 'relu', 'dense_layers': 1, 'dropout': 0.25, 'regularization': False, 'global_maxpool': False}
train: {'min_lr': 1e-05, 'learning_rate': 0.01, 'patience': 2, 'batch_size': 128, 'epochs': 999, 'scheduler': 'plateau10', 'optimizer': 'Nadam'}
transform_X: {'center': True, 'denoise': True, 'rescale': True, 'resize': 2}
transform_Y: {}
------------------------------
settings[dir]: {'data': './input/bengaliai-cv19', 'features': './input_features/bengaliai-cv19/', 'models': './data_output/models', 'submissions': './data_output/submissions', 'logs': './logs'}
settings[hparam_defaults]: {'optimizer': 'RMSprop', 'scheduler': 'constant', 'learning_rate': 0.001, 'min_lr': 0.001, 'split': 0.2, 'batch_size': 128, 'fraction': 1.0, 'epochs': 99, 'patience': 8, 'loops': 1, 'timeout': '24h'}
settings[verbose]: {'tensorboard': True, 'fit': 1}
------------------------------
{
    "loss": "0.8336530534910965",
    "grapheme_root_loss": "0.24589413",
    "vowel_diacritic_loss": "0.078090765",
    "consonant_diacritic_loss": "0.08173698",
    "grapheme_loss": "0.42941573",
    "grapheme_root_accuracy": "0.9318773",
    "vowel_diacritic_accuracy": "0.97982144",
    "consonant_diacritic_accuracy": "0.9783801",
    "grapheme_accuracy": "0.9194459",
    "val_loss": "0.7299467662767488",
    "val_grapheme_root_loss": "0.23387323",
    "val_vowel_diacritic_loss": "0.07709475",
    "val_consonant_diacritic_loss": "0.07329455",
    "val_grapheme_loss": "0.34568417",
    "val_grapheme_root_accuracy": "0.9370221",
    "val_vowel_diacritic_accuracy": "0.9808224",
    "val_consonant_diacritic_accuracy": "0.9791408",
    "val_grapheme_accuracy": "0.9212075",
    "lr": "1e-05",
    "time": "2834",
    "time_min": "47.2",
    "epochs": "18"
}
------------------------------
------------------------------
script started: 2020-04-05 01:49:01
script ended:   2020-04-05 06:03:47
script runtime: 0:47:14
------------------------------