------------------------------
Completed
------------------------------
datagen: {'shear_range': 22.5, 'width_shift_range': 0.1, 'fill_mode': 'constant', 'zoom_range': 0.2, 'height_shift_range': 0.1, 'cval': 0, 'rotation_range': 22.5}
model: {'dense_units': 256, 'cnn_kernel': 3, 'cnn_strides': 1, 'cnn_units': 32, 'cnns_per_maxpool': 3, 'maxpool_layers': 5, 'activation': 'relu', 'dense_layers': 1, 'dropout': 0.25, 'regularization': False, 'global_maxpool': False}
train: {'learning_rate': 0.01, 'patience': 2, 'batch_size': 128, 'min_lr': 1e-07, 'epochs': 999, 'scheduler': 'plateau10', 'optimizer': 'Nadam'}
transform_X: {'center': True, 'denoise': True, 'rescale': True, 'resize': 2}
transform_Y: {}
------------------------------
settings[dir]: {'data': './input/bengaliai-cv19', 'features': './input_features/bengaliai-cv19/', 'models': './data_output/models', 'submissions': './data_output/submissions', 'logs': './logs'}
settings[hparam_defaults]: {'optimizer': 'RMSprop', 'scheduler': 'constant', 'learning_rate': 0.001, 'min_lr': 0.001, 'split': 0.2, 'batch_size': 128, 'fraction': 1.0, 'epochs': 99, 'patience': 8, 'loops': 1, 'timeout': '24h'}
settings[verbose]: {'tensorboard': True, 'fit': 1}
------------------------------
{
    "loss": "1.0449078556436713",
    "grapheme_root_loss": "0.31425756",
    "vowel_diacritic_loss": "0.094976455",
    "consonant_diacritic_loss": "0.099277824",
    "grapheme_loss": "0.53566366",
    "grapheme_root_accuracy": "0.9131201",
    "vowel_diacritic_accuracy": "0.9755575",
    "consonant_diacritic_accuracy": "0.9725948",
    "grapheme_accuracy": "0.8983064",
    "val_loss": "0.7817751999412265",
    "val_grapheme_root_loss": "0.2505033",
    "val_vowel_diacritic_loss": "0.081961334",
    "val_consonant_diacritic_loss": "0.0793179",
    "val_grapheme_loss": "0.36999258",
    "val_grapheme_root_accuracy": "0.9332586",
    "val_vowel_diacritic_accuracy": "0.97974133",
    "val_consonant_diacritic_accuracy": "0.9770589",
    "val_grapheme_accuracy": "0.9159627",
    "lr": "1.0000001e-05",
    "time": "2435",
    "time_min": "40.6",
    "epochs": "15"
}
------------------------------
------------------------------
script started: 2020-04-05 01:49:01
script ended:   2020-04-05 05:16:22
script runtime: 0:40:35
------------------------------