------------------------------
Completed
------------------------------
train: {'epochs': 999, 'scheduler': 'plateau10', 'batch_size': 128, 'optimizer': 'Nadam', 'patience': 16, 'learning_rate': 0.01}
model: {'dense_layers': 1, 'maxpool_layers': 5, 'dropout': 0.25, 'cnns_per_maxpool': 3, 'cnn_kernel': 3, 'activation': 'relu', 'cnn_units': 32, 'cnn_strides': 1, 'regularization': False, 'dense_units': 256, 'global_maxpool': False}
transform_X: {'resize': 2, 'center': True, 'denoise': True, 'rescale': True}
transform_Y: {}
datagen: {'rotation_range': 22.5, 'shear_range': 22.5, 'fill_mode': 'constant', 'cval': 0, 'zoom_range': 0.2, 'width_shift_range': 0.1, 'height_shift_range': 0.1}
------------------------------
settings[hparam_defaults]: {'optimizer': 'RMSprop', 'scheduler': 'constant', 'learning_rate': 0.001, 'min_lr': 0.001, 'split': 0.2, 'batch_size': 128, 'fraction': 1.0, 'epochs': 99, 'patience': 10, 'loops': 1, 'timeout': '24h'}
settings[verbose]: {'tensorboard': True, 'fit': 1}
settings[dir]: {'data': './input/bengaliai-cv19', 'features': './input_features/bengaliai-cv19/', 'models': './data_output/models', 'submissions': './data_output/submissions', 'logs': './logs'}
------------------------------
{
    "loss": "0.4316328792998086",
    "grapheme_root_loss": "0.123069756",
    "vowel_diacritic_loss": "0.03998693",
    "consonant_diacritic_loss": "0.042507526",
    "grapheme_loss": "0.22886354",
    "grapheme_root_accuracy": "0.9667294",
    "vowel_diacritic_accuracy": "0.9905513",
    "consonant_diacritic_accuracy": "0.9886896",
    "grapheme_accuracy": "0.96102417",
    "val_loss": "0.6263213326812399",
    "val_grapheme_root_loss": "0.21176128",
    "val_vowel_diacritic_loss": "0.06848353",
    "val_consonant_diacritic_loss": "0.06672148",
    "val_grapheme_loss": "0.27935502",
    "val_grapheme_root_accuracy": "0.9526364",
    "val_vowel_diacritic_accuracy": "0.9870681",
    "val_consonant_diacritic_accuracy": "0.98406535",
    "val_grapheme_accuracy": "0.9404252",
    "lr": "1.0000001e-05",
    "time": "10567",
    "epochs": "72"
}
------------------------------
------------------------------
script started: 2020-04-04 02:44:56
script ended:   2020-04-04 14:03:32
script runtime: 2:56:07
------------------------------