------------------------------
Completed
------------------------------
train: {'epochs': 999, 'patience': 0, 'scheduler': 'plateau10', 'batch_size': 128, 'optimizer': 'Nadam', 'learning_rate': 0.01}
model: {'dense_layers': 1, 'maxpool_layers': 5, 'dropout': 0.25, 'cnns_per_maxpool': 3, 'cnn_kernel': 3, 'activation': 'relu', 'cnn_units': 32, 'cnn_strides': 1, 'regularization': False, 'dense_units': 256, 'global_maxpool': False}
transform_X: {'resize': 2, 'center': True, 'denoise': True, 'rescale': True}
transform_Y: {}
datagen: {'rotation_range': 22.5, 'shear_range': 22.5, 'fill_mode': 'constant', 'cval': 0, 'zoom_range': 0.2, 'width_shift_range': 0.1, 'height_shift_range': 0.1}
------------------------------
settings[hparam_defaults]: {'optimizer': 'RMSprop', 'scheduler': 'constant', 'learning_rate': 0.001, 'min_lr': 0.001, 'split': 0.2, 'batch_size': 128, 'fraction': 1.0, 'epochs': 99, 'patience': 10, 'loops': 1, 'timeout': '24h'}
settings[verbose]: {'tensorboard': True, 'fit': 1}
settings[dir]: {'data': './input/bengaliai-cv19', 'features': './input_features/bengaliai-cv19/', 'models': './data_output/models', 'submissions': './data_output/submissions', 'logs': './logs'}
------------------------------
{
    "loss": "2.718285812383065",
    "grapheme_root_loss": "0.7859352",
    "vowel_diacritic_loss": "0.21031457",
    "consonant_diacritic_loss": "0.20258893",
    "grapheme_loss": "1.5183476",
    "grapheme_root_accuracy": "0.7755535",
    "vowel_diacritic_accuracy": "0.9389438",
    "consonant_diacritic_accuracy": "0.9381431",
    "grapheme_accuracy": "0.68825316",
    "val_loss": "1.9247867702221384",
    "val_grapheme_root_loss": "0.63144803",
    "val_vowel_diacritic_loss": "0.1533979",
    "val_consonant_diacritic_loss": "0.16012178",
    "val_grapheme_loss": "0.9798188",
    "val_grapheme_root_accuracy": "0.8267206",
    "val_vowel_diacritic_accuracy": "0.9559995",
    "val_consonant_diacritic_accuracy": "0.94915324",
    "val_grapheme_accuracy": "0.77279097",
    "lr": "0.001",
    "time": "831",
    "epochs": "6"
}
------------------------------
------------------------------
script started: 2020-04-04 02:44:56
script ended:   2020-04-04 15:40:25
script runtime: 0:13:51
------------------------------