------------------------------
Completed
------------------------------
train: {'epochs': 999, 'patience': 32, 'scheduler': 'plateau10', 'batch_size': 128, 'optimizer': 'Nadam', 'learning_rate': 0.01}
model: {'dense_layers': 1, 'maxpool_layers': 5, 'dropout': 0.25, 'cnns_per_maxpool': 3, 'cnn_kernel': 3, 'activation': 'relu', 'cnn_units': 32, 'cnn_strides': 1, 'regularization': False, 'dense_units': 256, 'global_maxpool': False}
transform_X: {'resize': 2, 'center': True, 'denoise': True, 'rescale': True}
transform_Y: {}
datagen: {'rotation_range': 22.5, 'shear_range': 22.5, 'fill_mode': 'constant', 'cval': 0, 'zoom_range': 0.2, 'width_shift_range': 0.1, 'height_shift_range': 0.1}
------------------------------
settings[hparam_defaults]: {'optimizer': 'RMSprop', 'scheduler': 'constant', 'learning_rate': 0.001, 'min_lr': 0.001, 'split': 0.2, 'batch_size': 128, 'fraction': 1.0, 'epochs': 99, 'patience': 10, 'loops': 1, 'timeout': '24h'}
settings[verbose]: {'tensorboard': True, 'fit': 1}
settings[dir]: {'data': './input/bengaliai-cv19', 'features': './input_features/bengaliai-cv19/', 'models': './data_output/models', 'submissions': './data_output/submissions', 'logs': './logs'}
------------------------------
{
    "loss": "0.37096995872836885",
    "grapheme_root_loss": "0.09707119",
    "vowel_diacritic_loss": "0.038821723",
    "consonant_diacritic_loss": "0.044323537",
    "grapheme_loss": "0.19205813",
    "grapheme_root_accuracy": "0.97449654",
    "vowel_diacritic_accuracy": "0.99145216",
    "consonant_diacritic_accuracy": "0.9904913",
    "grapheme_accuracy": "0.9653481",
    "val_loss": "0.6970252933607873",
    "val_grapheme_root_loss": "0.24193001",
    "val_vowel_diacritic_loss": "0.08378319",
    "val_consonant_diacritic_loss": "0.085963406",
    "val_grapheme_loss": "0.28534874",
    "val_grapheme_root_accuracy": "0.9555191",
    "val_vowel_diacritic_accuracy": "0.98702806",
    "val_consonant_diacritic_accuracy": "0.9861473",
    "val_grapheme_accuracy": "0.9425071",
    "lr": "0.000100000005",
    "time": "17874",
    "epochs": "123"
}
------------------------------
------------------------------
script started: 2020-04-04 02:44:56
script ended:   2020-04-04 07:42:57
script runtime: 4:57:54
------------------------------