------------------------------
Completed
------------------------------
datagen: {'zoom_range': 0.2, 'shear_range': 22.5, 'rotation_range': 22.5, 'cval': 0, 'fill_mode': 'constant', 'height_shift_range': 0.1, 'width_shift_range': 0.1}
model: {'global_maxpool': False, 'regularization': False, 'dropout': 0.25, 'cnn_strides': 1, 'dense_units': 256, 'cnn_units': 32, 'cnn_kernel': 3, 'cnns_per_maxpool': 3, 'activation': 'relu', 'maxpool_layers': 5, 'dense_layers': 1}
train: {'optimizer': 'Nadam', 'scheduler': 'plateau10', 'learning_rate': 0.01, 'epochs': 999, 'patience': 6, 'batch_size': 128}
transform_X: {'center': True, 'rescale': True, 'resize': 2, 'denoise': True}
transform_Y: {}
------------------------------
settings[dir]: {'data': './input/bengaliai-cv19', 'features': './input_features/bengaliai-cv19/', 'models': './data_output/models', 'submissions': './data_output/submissions', 'logs': './logs'}
settings[hparam_defaults]: {'optimizer': 'RMSprop', 'scheduler': 'constant', 'learning_rate': 0.001, 'min_lr': 0.001, 'split': 0.2, 'batch_size': 128, 'fraction': 1.0, 'epochs': 99, 'patience': 10, 'loops': 1, 'timeout': '24h'}
settings[verbose]: {'tensorboard': True, 'fit': 1}
------------------------------
{
    "loss": "0.5394174172163592",
    "grapheme_root_loss": "0.15558895",
    "vowel_diacritic_loss": "0.052466474",
    "consonant_diacritic_loss": "0.05199798",
    "grapheme_loss": "0.28143618",
    "grapheme_root_accuracy": "0.95756096",
    "vowel_diacritic_accuracy": "0.98810905",
    "consonant_diacritic_accuracy": "0.9865076",
    "grapheme_accuracy": "0.9492533",
    "val_loss": "0.647306516353155",
    "val_grapheme_root_loss": "0.21768372",
    "val_vowel_diacritic_loss": "0.06610161",
    "val_consonant_diacritic_loss": "0.06650949",
    "val_grapheme_loss": "0.29701173",
    "val_grapheme_root_accuracy": "0.94799215",
    "val_vowel_diacritic_accuracy": "0.9856668",
    "val_consonant_diacritic_accuracy": "0.983665",
    "val_grapheme_accuracy": "0.93578094",
    "lr": "1.0000001e-05",
    "time": "6532",
    "epochs": "41"
}
------------------------------
------------------------------
script started: 2020-04-04 18:37:43
script ended:   2020-04-04 21:41:58
script runtime: 1:48:52
------------------------------