------------------------------
Completed
------------------------------
train: {'epochs': 999, 'scheduler': 'plateau10', 'batch_size': 128, 'learning_rate': 0.01, 'optimizer': 'Nadam', 'patience': 1}
model: {'dense_layers': 1, 'maxpool_layers': 5, 'dropout': 0.25, 'cnns_per_maxpool': 3, 'cnn_kernel': 3, 'activation': 'relu', 'cnn_units': 32, 'cnn_strides': 1, 'regularization': False, 'dense_units': 256, 'global_maxpool': False}
transform_X: {'resize': 2, 'center': True, 'denoise': True, 'rescale': True}
transform_Y: {}
datagen: {'rotation_range': 22.5, 'shear_range': 22.5, 'fill_mode': 'constant', 'cval': 0, 'zoom_range': 0.2, 'width_shift_range': 0.1, 'height_shift_range': 0.1}
------------------------------
settings[hparam_defaults]: {'optimizer': 'RMSprop', 'scheduler': 'constant', 'learning_rate': 0.001, 'min_lr': 0.001, 'split': 0.2, 'batch_size': 128, 'fraction': 1.0, 'epochs': 99, 'patience': 10, 'loops': 1, 'timeout': '24h'}
settings[verbose]: {'tensorboard': True, 'fit': 1}
settings[dir]: {'data': './input/bengaliai-cv19', 'features': './input_features/bengaliai-cv19/', 'models': './data_output/models', 'submissions': './data_output/submissions', 'logs': './logs'}
------------------------------
{
    "loss": "1.3725634946826748",
    "grapheme_root_loss": "0.43042603",
    "vowel_diacritic_loss": "0.12961838",
    "consonant_diacritic_loss": "0.121489145",
    "grapheme_loss": "0.6974881",
    "grapheme_root_accuracy": "0.8866357",
    "vowel_diacritic_accuracy": "0.96494776",
    "consonant_diacritic_accuracy": "0.9661088",
    "grapheme_accuracy": "0.85937065",
    "val_loss": "1.0285382327072474",
    "val_grapheme_root_loss": "0.33833915",
    "val_vowel_diacritic_loss": "0.111808226",
    "val_consonant_diacritic_loss": "0.10693817",
    "val_grapheme_loss": "0.47145268",
    "val_grapheme_root_accuracy": "0.9127197",
    "val_vowel_diacritic_accuracy": "0.9726148",
    "val_consonant_diacritic_accuracy": "0.9727349",
    "val_grapheme_accuracy": "0.8929815",
    "lr": "0.001",
    "time": "1869",
    "epochs": "13"
}
------------------------------
------------------------------
script started: 2020-04-04 02:44:56
script ended:   2020-04-04 08:14:14
script runtime: 0:31:09
------------------------------