------------------------------
Completed
------------------------------
train: {'epochs': 999, 'scheduler': 'plateau10', 'batch_size': 128, 'optimizer': 'Nadam', 'patience': 8, 'learning_rate': 0.01}
model: {'dense_layers': 1, 'maxpool_layers': 5, 'dropout': 0.25, 'cnns_per_maxpool': 3, 'cnn_kernel': 3, 'activation': 'relu', 'cnn_units': 32, 'cnn_strides': 1, 'regularization': False, 'dense_units': 256, 'global_maxpool': False}
transform_X: {'resize': 2, 'center': True, 'denoise': True, 'rescale': True}
transform_Y: {}
datagen: {'rotation_range': 22.5, 'shear_range': 22.5, 'fill_mode': 'constant', 'cval': 0, 'zoom_range': 0.2, 'width_shift_range': 0.1, 'height_shift_range': 0.1}
------------------------------
settings[hparam_defaults]: {'optimizer': 'RMSprop', 'scheduler': 'constant', 'learning_rate': 0.001, 'min_lr': 0.001, 'split': 0.2, 'batch_size': 128, 'fraction': 1.0, 'epochs': 99, 'patience': 10, 'loops': 1, 'timeout': '24h'}
settings[verbose]: {'tensorboard': True, 'fit': 1}
settings[dir]: {'data': './input/bengaliai-cv19', 'features': './input_features/bengaliai-cv19/', 'models': './data_output/models', 'submissions': './data_output/submissions', 'logs': './logs'}
------------------------------
{
    "loss": "0.5783704565889809",
    "grapheme_root_loss": "0.16087712",
    "vowel_diacritic_loss": "0.056206353",
    "consonant_diacritic_loss": "0.058363006",
    "grapheme_loss": "0.30305642",
    "grapheme_root_accuracy": "0.9558394",
    "vowel_diacritic_accuracy": "0.98700804",
    "consonant_diacritic_accuracy": "0.9846659",
    "grapheme_accuracy": "0.94777197",
    "val_loss": "0.6387873204539016",
    "val_grapheme_root_loss": "0.2056202",
    "val_vowel_diacritic_loss": "0.07240112",
    "val_consonant_diacritic_loss": "0.06673501",
    "val_grapheme_loss": "0.29403096",
    "val_grapheme_root_accuracy": "0.9495936",
    "val_vowel_diacritic_accuracy": "0.98526645",
    "val_consonant_diacritic_accuracy": "0.98298436",
    "val_grapheme_accuracy": "0.9354606",
    "lr": "1.0000001e-06",
    "time": "8058",
    "epochs": "55"
}
------------------------------
------------------------------
script started: 2020-04-04 02:44:56
script ended:   2020-04-04 11:07:16
script runtime: 2:14:18
------------------------------