------------------------------
Completed
------------------------------
model_hparams: {'regularization': False, 'cnns_per_maxpool': 3, 'maxpool_layers': 4, 'dense_layers': 2, 'global_maxpool': False, 'dense_units': 256}
train_hparams: {'scheduler': 'constant', 'optimizer': 'Nadam', 'learning_rate': 0.01}
------------------------------
settings[hparam_defaults]: {'optimizer': 'RMSprop', 'scheduler': 'constant', 'learning_rate': 0.001, 'min_lr': 0.001, 'split': 0.2, 'batch_size': 128, 'fraction': 1.0, 'epochs': 99, 'patience': 10, 'loops': 1, 'timeout': '24h'}
settings[verbose]: {'tensorboard': True, 'fit': 1}
settings[dir]: {'data': './input/bengaliai-cv19', 'features': './input_features/bengaliai-cv19/', 'models': './data_output/models', 'submissions': './data_output/submissions', 'logs': './logs'}
------------------------------
{
    "loss": "1.4467249297375906",
    "grapheme_root_loss": "0.47244126",
    "vowel_diacritic_loss": "0.14536679",
    "consonant_diacritic_loss": "0.13663344",
    "grapheme_loss": "0.692162",
    "grapheme_root_accuracy": "0.87863904",
    "vowel_diacritic_accuracy": "0.96174276",
    "consonant_diacritic_accuracy": "0.9612236",
    "grapheme_accuracy": "0.8398427",
    "val_loss": "0.9396117111811271",
    "val_grapheme_root_loss": "0.3171075",
    "val_vowel_diacritic_loss": "0.09844867",
    "val_consonant_diacritic_loss": "0.09263707",
    "val_grapheme_loss": "0.43141845",
    "val_grapheme_root_accuracy": "0.9219051",
    "val_vowel_diacritic_accuracy": "0.97501206",
    "val_consonant_diacritic_accuracy": "0.97338635",
    "val_grapheme_accuracy": "0.9036007",
    "lr": "0.01",
    "time": "4867",
    "epochs": "36"
}
------------------------------
------------------------------
script started: 2020-03-23 21:32:00
script ended:   2020-03-24 13:11:31
script runtime: 15 hourss
------------------------------