------------------------------
Completed
------------------------------
model_hparams: {'regularization': False, 'cnns_per_maxpool': 3, 'maxpool_layers': 4, 'dense_layers': 2, 'global_maxpool': False, 'dense_units': 256}
train_hparams: {'scheduler': 'constant', 'optimizer': 'RMSprop', 'learning_rate': 0.01}
------------------------------
settings[hparam_defaults]: {'optimizer': 'RMSprop', 'scheduler': 'constant', 'learning_rate': 0.001, 'min_lr': 0.001, 'split': 0.2, 'batch_size': 128, 'fraction': 1.0, 'epochs': 99, 'patience': 10, 'loops': 1, 'timeout': '24h'}
settings[verbose]: {'tensorboard': True, 'fit': 1}
settings[dir]: {'data': './input/bengaliai-cv19', 'features': './input_features/bengaliai-cv19/', 'models': './data_output/models', 'submissions': './data_output/submissions', 'logs': './logs'}
------------------------------
{
    "loss": "1.023574859966681",
    "grapheme_root_loss": "0.33442315",
    "vowel_diacritic_loss": "0.107181765",
    "consonant_diacritic_loss": "0.09832275",
    "grapheme_loss": "0.48381326",
    "grapheme_root_accuracy": "0.91809434",
    "vowel_diacritic_accuracy": "0.97394276",
    "consonant_diacritic_accuracy": "0.9738429",
    "grapheme_accuracy": "0.88782394",
    "val_loss": "0.8363617417904047",
    "val_grapheme_root_loss": "0.30214244",
    "val_vowel_diacritic_loss": "0.08358758",
    "val_consonant_diacritic_loss": "0.07976394",
    "val_grapheme_loss": "0.37086773",
    "val_grapheme_root_accuracy": "0.93515563",
    "val_vowel_diacritic_accuracy": "0.98175687",
    "val_consonant_diacritic_accuracy": "0.98001087",
    "val_grapheme_accuracy": "0.91986275",
    "lr": "0.01",
    "time": "9315",
    "epochs": "63"
}
------------------------------
------------------------------
script started: 2020-03-23 21:32:00
script ended:   2020-03-24 02:30:29
script runtime: 4 hourss
------------------------------