------------------------------
Completed
------------------------------
model_hparams: {'dense_layers': 2, 'regularization': False, 'global_maxpool': False, 'cnns_per_maxpool': 3, 'dense_units': 256, 'maxpool_layers': 4}
train_hparams: {'learning_rate': 1.0, 'optimizer': 'Adadelta', 'scheduler': 'plateau10', 'optimized_scheduler': 'Adadelta_plateau_1.0'}
------------------------------
settings[hparam_defaults]: {'optimizer': 'RMSprop', 'scheduler': 'constant', 'learning_rate': 0.001, 'min_lr': 0.001, 'split': 0.2, 'batch_size': 128, 'fraction': 1.0, 'epochs': 99, 'patience': 10, 'loops': 1, 'timeout': '24h'}
settings[verbose]: {'tensorboard': True, 'fit': 1}
settings[dir]: {'data': './input/bengaliai-cv19', 'features': './input_features/bengaliai-cv19/', 'models': './data_output/models', 'submissions': './data_output/submissions', 'logs': './logs'}
------------------------------
{
    "loss": "0.6736380627746947",
    "grapheme_root_loss": "0.1935114",
    "vowel_diacritic_loss": "0.06564479",
    "consonant_diacritic_loss": "0.066798724",
    "grapheme_loss": "0.34756562",
    "grapheme_root_accuracy": "0.95036143",
    "vowel_diacritic_accuracy": "0.9845254",
    "consonant_diacritic_accuracy": "0.98270833",
    "grapheme_accuracy": "0.93882036",
    "val_loss": "0.6378168406394812",
    "val_grapheme_root_loss": "0.213316",
    "val_vowel_diacritic_loss": "0.07214323",
    "val_consonant_diacritic_loss": "0.064646386",
    "val_grapheme_loss": "0.28771123",
    "val_grapheme_root_accuracy": "0.95129144",
    "val_vowel_diacritic_accuracy": "0.9848877",
    "val_consonant_diacritic_accuracy": "0.983804",
    "val_grapheme_accuracy": "0.93900895",
    "lr": "0.000100000005",
    "time": "7580",
    "epochs": "54"
}
------------------------------
------------------------------
script started: 2020-03-24 21:18:12
script ended:   2020-03-25 02:37:22
script runtime: 5 hourss
------------------------------