------------------------------
Completed
------------------------------
model_hparams: {'regularization': False, 'cnns_per_maxpool': 3, 'maxpool_layers': 4, 'dense_layers': 2, 'global_maxpool': False, 'dense_units': 256}
train_hparams: {'optimizer': 'Adadelta', 'scheduler': 'constant', 'learning_rate': 0.001}
------------------------------
settings[hparam_defaults]: {'optimizer': 'RMSprop', 'scheduler': 'constant', 'learning_rate': 0.001, 'min_lr': 0.001, 'split': 0.2, 'batch_size': 128, 'fraction': 1.0, 'epochs': 99, 'patience': 10, 'loops': 1, 'timeout': '24h'}
settings[verbose]: {'tensorboard': True, 'fit': 1}
settings[dir]: {'data': './input/bengaliai-cv19', 'features': './input_features/bengaliai-cv19/', 'models': './data_output/models', 'submissions': './data_output/submissions', 'logs': './logs'}
------------------------------
{
    "loss": "0.97896550698291",
    "grapheme_root_loss": "0.28465554",
    "vowel_diacritic_loss": "0.10053631",
    "consonant_diacritic_loss": "0.09223856",
    "grapheme_loss": "0.5017676",
    "grapheme_root_accuracy": "0.928038",
    "vowel_diacritic_accuracy": "0.97575974",
    "consonant_diacritic_accuracy": "0.9756599",
    "grapheme_accuracy": "0.898806",
    "val_loss": "0.7943806769756171",
    "val_grapheme_root_loss": "0.27295834",
    "val_vowel_diacritic_loss": "0.0868045",
    "val_consonant_diacritic_loss": "0.07757516",
    "val_grapheme_loss": "0.35704282",
    "val_grapheme_root_accuracy": "0.9393702",
    "val_vowel_diacritic_accuracy": "0.9825998",
    "val_consonant_diacritic_accuracy": "0.9811548",
    "val_grapheme_accuracy": "0.92263234",
    "lr": "0.001",
    "time": "7211",
    "epochs": "49"
}
------------------------------
------------------------------
script started: 2020-03-23 21:32:00
script ended:   2020-03-24 04:30:49
script runtime: 6 hourss
------------------------------