------------------------------
Completed
------------------------------
model_hparams: {'dense_layers': 2, 'regularization': False, 'global_maxpool': False, 'cnns_per_maxpool': 3, 'dense_units': 256, 'maxpool_layers': 4}
train_hparams: {'learning_rate': 0.1, 'optimizer': 'Adadelta', 'scheduler': 'plateau10', 'optimized_scheduler': 'Adadelta_plateau_0.1'}
------------------------------
settings[hparam_defaults]: {'optimizer': 'RMSprop', 'scheduler': 'constant', 'learning_rate': 0.001, 'min_lr': 0.001, 'split': 0.2, 'batch_size': 128, 'fraction': 1.0, 'epochs': 99, 'patience': 10, 'loops': 1, 'timeout': '24h'}
settings[verbose]: {'tensorboard': True, 'fit': 1}
settings[dir]: {'data': './input/bengaliai-cv19', 'features': './input_features/bengaliai-cv19/', 'models': './data_output/models', 'submissions': './data_output/submissions', 'logs': './logs'}
------------------------------
{
    "loss": "0.6686967883724254",
    "grapheme_root_loss": "0.19012152",
    "vowel_diacritic_loss": "0.065123476",
    "consonant_diacritic_loss": "0.062580116",
    "grapheme_loss": "0.3508416",
    "grapheme_root_accuracy": "0.9503215",
    "vowel_diacritic_accuracy": "0.98454535",
    "consonant_diacritic_accuracy": "0.98350704",
    "grapheme_accuracy": "0.93915975",
    "val_loss": "0.6386433410529907",
    "val_grapheme_root_loss": "0.21092156",
    "val_vowel_diacritic_loss": "0.07046476",
    "val_consonant_diacritic_loss": "0.06573979",
    "val_grapheme_loss": "0.29151726",
    "val_grapheme_root_accuracy": "0.9531579",
    "val_vowel_diacritic_accuracy": "0.9847673",
    "val_consonant_diacritic_accuracy": "0.9839846",
    "val_grapheme_accuracy": "0.94045395",
    "lr": "0.000100000005",
    "time": "7131",
    "epochs": "51"
}
------------------------------
------------------------------
script started: 2020-03-24 21:18:12
script ended:   2020-03-24 23:17:11
script runtime: an hours
------------------------------